# JRE version: Java(TM) SE Runtime Environment (18.0.2+9) (build 18.0.2+9-61)
# Java VM: Java HotSpot(TM) 64-Bit Server VM (18.0.2+9-61, mixed mode, sharing, tiered, compressed oops, compressed class ptrs, g1 gc, windows-amd64)
GC Precious Log:
 CardTable entry size: 512
 Card Set container configuration: InlinePtr #cards 5 size 8 Array Of Cards #cards 12 size 40 Howl #buckets 4 coarsen threshold 1843 Howl Bitmap #cards 512 size 80 coarsen threshold 460 Card regions per heap region 1 cards per card region 2048
 CPUs: 8 total, 8 available
 Memory: 8048M
 Large Page Support: Disabled
 NUMA Support: Disabled
 Compressed Oops: Enabled (32-bit)
 Heap Region Size: 1M
 Heap Min Capacity: 256M
 Heap Initial Capacity: 256M
 Heap Max Capacity: 512M
 Pre-touch: Disabled
 Parallel Workers: 8
 Concurrent Workers: 2
 Concurrent Refinement Workers: 8
 Periodic GC: Disabled
Heap:
 garbage-first heap   total 321536K, used 153256K [0x00000000e0000000, 0x0000000100000000)
  region size 1024K, 16 young (16384K), 3 survivors (3072K)
 Metaspace       used 82421K, committed 84352K, reserved 344064K
  class space    used 10654K, committed 12032K, reserved 212992K
GC Heap History (20 events):
Event: 2222.098 GC heap before
{Heap before GC invocations=57 (full 0):
 garbage-first heap   total 265216K, used 197449K [0x00000000e0000000, 0x0000000100000000)
  region size 1024K, 59 young (60416K), 2 survivors (2048K)
 Metaspace       used 81799K, committed 83840K, reserved 344064K
  class space    used 10630K, committed 12032K, reserved 212992K
}
Event: 2222.104 GC heap after
{Heap after GC invocations=58 (full 0):
 garbage-first heap   total 265216K, used 145878K [0x00000000e0000000, 0x0000000100000000)
  region size 1024K, 7 young (7168K), 7 survivors (7168K)
 Metaspace       used 81799K, committed 83840K, reserved 344064K
  class space    used 10630K, committed 12032K, reserved 212992K
}
Event: 2254.623 GC heap before
{Heap before GC invocations=59 (full 0):
 garbage-first heap   total 266240K, used 217558K [0x00000000e0000000, 0x0000000100000000)
  region size 1024K, 75 young (76800K), 7 survivors (7168K)
 Metaspace       used 81969K, committed 83904K, reserved 344064K
  class space    used 10636K, committed 12032K, reserved 212992K
}
Event: 2254.629 GC heap after
{Heap after GC invocations=60 (full 0):
 garbage-first heap   total 266240K, used 150313K [0x00000000e0000000, 0x0000000100000000)
  region size 1024K, 9 young (9216K), 9 survivors (9216K)
 Metaspace       used 81969K, committed 83904K, reserved 344064K
  class space    used 10636K, committed 12032K, reserved 212992K
}
Event: 2254.644 GC heap before
{Heap before GC invocations=60 (full 0):
 garbage-first heap   total 266240K, used 154409K [0x00000000e0000000, 0x0000000100000000)
  region size 1024K, 13 young (13312K), 9 survivors (9216K)
 Metaspace       used 81971K, committed 83904K, reserved 344064K
  class space    used 10636K, committed 12032K, reserved 212992K
}
Event: 2254.653 GC heap after
{Heap after GC invocations=61 (full 0):
 garbage-first heap   total 266240K, used 147635K [0x00000000e0000000, 0x0000000100000000)
  region size 1024K, 2 young (2048K), 2 survivors (2048K)
 Metaspace       used 81971K, committed 83904K, reserved 344064K
  class space    used 10636K, committed 12032K, reserved 212992K
}
Event: 2279.532 GC heap before
{Heap before GC invocations=61 (full 0):
 garbage-first heap   total 266240K, used 198835K [0x00000000e0000000, 0x0000000100000000)
  region size 1024K, 54 young (55296K), 2 survivors (2048K)
 Metaspace       used 83413K, committed 85248K, reserved 344064K
  class space    used 10802K, committed 12032K, reserved 212992K
}
Event: 2279.536 GC heap after
{Heap after GC invocations=62 (full 0):
 garbage-first heap   total 321536K, used 151190K [0x00000000e0000000, 0x0000000100000000)
  region size 1024K, 5 young (5120K), 5 survivors (5120K)
 Metaspace       used 83413K, committed 85248K, reserved 344064K
  class space    used 10802K, committed 12032K, reserved 212992K
}
Event: 5026.548 GC heap before
{Heap before GC invocations=63 (full 0):
 garbage-first heap   total 321536K, used 253590K [0x00000000e0000000, 0x0000000100000000)
  region size 1024K, 104 young (106496K), 5 survivors (5120K)
 Metaspace       used 82142K, committed 84800K, reserved 344064K
  class space    used 10644K, committed 12032K, reserved 212992K
}
Event: 5026.558 GC heap after
{Heap after GC invocations=64 (full 0):
 garbage-first heap   total 321536K, used 151307K [0x00000000e0000000, 0x0000000100000000)
  region size 1024K, 5 young (5120K), 5 survivors (5120K)
 Metaspace       used 82142K, committed 84800K, reserved 344064K
  class space    used 10644K, committed 12032K, reserved 212992K
}
Event: 5026.721 GC heap before
{Heap before GC invocations=64 (full 0):
 garbage-first heap   total 321536K, used 161547K [0x00000000e0000000, 0x0000000100000000)
  region size 1024K, 15 young (15360K), 5 survivors (5120K)
 Metaspace       used 82256K, committed 84800K, reserved 344064K
  class space    used 10649K, committed 12032K, reserved 212992K
}
Event: 5026.735 GC heap after
{Heap after GC invocations=65 (full 0):
 garbage-first heap   total 321536K, used 145013K [0x00000000e0000000, 0x0000000100000000)
  region size 1024K, 2 young (2048K), 2 survivors (2048K)
 Metaspace       used 82256K, committed 84800K, reserved 344064K
  class space    used 10649K, committed 12032K, reserved 212992K
}
Event: 5026.753 GC heap before
{Heap before GC invocations=65 (full 0):
 garbage-first heap   total 321536K, used 147061K [0x00000000e0000000, 0x0000000100000000)
  region size 1024K, 5 young (5120K), 2 survivors (2048K)
 Metaspace       used 82257K, committed 84800K, reserved 344064K
  class space    used 10649K, committed 12032K, reserved 212992K
}
Event: 5026.757 GC heap after
{Heap after GC invocations=66 (full 0):
 garbage-first heap   total 321536K, used 146195K [0x00000000e0000000, 0x0000000100000000)
  region size 1024K, 4 young (4096K), 4 survivors (4096K)
 Metaspace       used 82257K, committed 84800K, reserved 344064K
  class space    used 10649K, committed 12032K, reserved 212992K
}
Event: 6904.523 GC heap before
{Heap before GC invocations=67 (full 0):
 garbage-first heap   total 321536K, used 236307K [0x00000000e0000000, 0x0000000100000000)
  region size 1024K, 92 young (94208K), 4 survivors (4096K)
 Metaspace       used 82052K, committed 84096K, reserved 344064K
  class space    used 10592K, committed 12032K, reserved 212992K
}
Event: 6904.526 GC heap after
{Heap after GC invocations=68 (full 0):
 garbage-first heap   total 321536K, used 146441K [0x00000000e0000000, 0x0000000100000000)
  region size 1024K, 3 young (3072K), 3 survivors (3072K)
 Metaspace       used 82052K, committed 84096K, reserved 344064K
  class space    used 10592K, committed 12032K, reserved 212992K
}
Event: 7591.467 GC heap before
{Heap before GC invocations=68 (full 0):
 garbage-first heap   total 321536K, used 158729K [0x00000000e0000000, 0x0000000100000000)
  region size 1024K, 15 young (15360K), 3 survivors (3072K)
 Metaspace       used 82052K, committed 84096K, reserved 344064K
  class space    used 10592K, committed 12032K, reserved 212992K
}
Event: 7591.485 GC heap after
{Heap after GC invocations=69 (full 0):
 garbage-first heap   total 321536K, used 137613K [0x00000000e0000000, 0x0000000100000000)
  region size 1024K, 1 young (1024K), 1 survivors (1024K)
 Metaspace       used 82052K, committed 84096K, reserved 344064K
  class space    used 10592K, committed 12032K, reserved 212992K
}
Event: 10147.468 GC heap before
{Heap before GC invocations=69 (full 0):
 garbage-first heap   total 321536K, used 200077K [0x00000000e0000000, 0x0000000100000000)
  region size 1024K, 63 young (64512K), 1 survivors (1024K)
 Metaspace       used 82361K, committed 84288K, reserved 344064K
  class space    used 10649K, committed 12032K, reserved 212992K
}
Event: 10147.477 GC heap after
{Heap after GC invocations=70 (full 0):
 garbage-first heap   total 321536K, used 139944K [0x00000000e0000000, 0x0000000100000000)
  region size 1024K, 3 young (3072K), 3 survivors (3072K)
 Metaspace       used 82361K, committed 84288K, reserved 344064K
  class space    used 10649K, committed 12032K, reserved 212992K
}

